<?xml version="1.0" encoding="UTF-8"?>
<testsuite xmlns:xsi="http://www.w3.org/2001/XMLSchema-instance" xsi:noNamespaceSchemaLocation="https://maven.apache.org/surefire/maven-surefire-plugin/xsd/surefire-test-report.xsd" name="com.inc.user.utility.PrimeNumberCheckerTest" time="0.02" tests="5" errors="0" skipped="0" failures="0">
  <properties>
[...]
</properties>
  <testcase name="testPrimeNumberChecker[0]" classname="com.inc.user.utility.PrimeNumberCheckerTest" time="0.003"/>
  <testcase name="testPrimeNumberChecker[1]" classname="com.inc.user.utility.PrimeNumberCheckerTest" time="0.003"/>
  <testcase name="testPrimeNumberChecker[2]" classname="com.inc.user.utility.PrimeNumberCheckerTest" time="0.004"/>
  <testcase name="testPrimeNumberChecker[3]" classname="com.inc.user.utility.PrimeNumberCheckerTest" time="0.003"/>
  <testcase name="testPrimeNumberChecker[4]" classname="com.inc.user.utility.PrimeNumberCheckerTest" time="0.003"/>
</testsuite>